INFO: 2025/03/28 20:59:52 main.go:14: Программа запущена
INFO: 2025/03/28 20:59:52 main.go:57: Введены не коректные данные, повторите ввод
INFO: 2025/03/28 21:06:31 main.go:14: Программа запущена
INFO: 2025/03/28 21:06:32 main.go:66: Введены не коректные данные, повторите ввод
INFO: 2025/03/28 21:06:32 main.go:39: unexpected newline
INFO: 2025/03/28 21:06:34 main.go:66: Введены не коректные данные, повторите ввод
INFO: 2025/03/28 21:06:34 main.go:39: unexpected newline
INFO: 2025/03/28 21:06:42 main.go:66: Введены не коректные данные, повторите ввод
INFO: 2025/03/28 21:06:42 main.go:46: unexpected newline
INFO: 2025/03/28 21:11:30 main.go:66: Введены не коректные данные, повторите ввод
INFO: 2025/03/28 21:11:30 main.go:39: EOF
INFO: 2025/03/28 21:11:33 main.go:14: Программа запущена
INFO: 2025/03/28 21:11:34 main.go:62: Введены не коректные данные, повторите ввод
INFO: 2025/03/28 21:11:34 main.go:39: Ошибка Бин не создан, перезапустите программу
INFO: 2025/03/28 21:20:08 main.go:14: Программа запущена
INFO: 2025/03/28 21:20:10 main.go:62: Введены не коректные данные, повторите ввод
INFO: 2025/03/28 21:20:10 main.go:39: Ошибка Бин не создан, перезапустите программу
INFO: 2025/03/28 21:20:21 main.go:14: Программа запущена
INFO: 2025/03/28 21:20:25 main.go:62: Введены не коректные данные, повторите ввод
INFO: 2025/03/28 21:20:25 main.go:45: unexpected newline
INFO: 2025/03/28 21:20:25 bins.go:26: Пароль сгенерирован
INFO: 2025/03/28 21:20:25 storage.go:67: Бин добавлен в файл
INFO: 2025/03/28 21:20:25 main.go:54: Список Бинов создан успешно
INFO: 2025/03/28 21:21:34 main.go:14: Программа запущена
INFO: 2025/03/28 21:21:38 main.go:62: Введены не коректные данные, повторите ввод
INFO: 2025/03/28 21:21:38 main.go:45: unexpected newline
INFO: 2025/03/28 21:21:38 bins.go:26: Пароль сгенерирован
INFO: 2025/03/28 21:21:38 storage.go:67: Бин добавлен в файл
INFO: 2025/03/28 21:21:38 main.go:54: Список Бинов создан успешно
INFO: 2025/03/28 21:24:31 main.go:14: Программа запущена
ERROR: 2025/03/28 21:24:33 main.go:62: Введены не коректные данные, повторите ввод.
ERROR: 2025/03/28 21:24:33 main.go:45: unexpected newline
INFO: 2025/03/28 21:24:33 bins.go:26: Пароль сгенерирован
INFO: 2025/03/28 21:24:33 storage.go:67: Бин добавлен в файл
INFO: 2025/03/28 21:24:33 main.go:54: Список Бинов создан успешно
INFO: 2025/03/28 21:25:20 main.go:14: Программа запущена
ERROR: 2025/03/28 21:25:21 main.go:62: Введены не коректные данные, повторите ввод.
ERROR: 2025/03/28 21:25:21 main.go:45: unexpected newline
INFO: 2025/03/28 21:25:21 bins.go:26: Пароль сгенерирован
INFO: 2025/03/28 21:25:21 storage.go:67: Бин добавлен в файл
INFO: 2025/03/28 21:25:21 main.go:54: Список Бинов создан успешно
INFO: 2025/03/28 21:30:23 main.go:14: Программа запущена
ERROR: 2025/03/28 21:30:25 main.go:62: Введены не коректные данные, повторите ввод.
INFO: 2025/03/28 21:30:25 main.go:45: Приватность ключа false
INFO: 2025/03/28 21:30:25 bins.go:26: Пароль сгенерирован
INFO: 2025/03/28 21:30:25 storage.go:67: Бин добавлен в файл
INFO: 2025/03/28 21:30:25 main.go:54: Список Бинов создан успешно
INFO: 2025/03/29 10:46:37 main.go:14: Программа запущена
INFO: 2025/03/29 10:46:37 files.go:34: Файл прочитан
ERROR: 2025/03/29 10:46:40 main.go:64: Ошибка ввода или пустая строка
ERROR: 2025/03/29 10:46:41 main.go:64: Ошибка ввода или пустая строка
ERROR: 2025/03/29 10:46:43 main.go:64: Ошибка ввода или пустая строка
ERROR: 2025/03/29 10:46:45 main.go:64: Ошибка ввода или пустая строка
ERROR: 2025/03/29 10:46:51 main.go:64: Ошибка ввода или пустая строка
INFO: 2025/03/29 10:47:51 main.go:14: Программа запущена
INFO: 2025/03/29 10:47:51 files.go:34: Файл прочитан
ERROR: 2025/03/29 10:47:52 main.go:64: Ошибка ввода или пустая строка
ERROR: 2025/03/29 10:50:41 main.go:64: Ошибка ввода или пустая строка
INFO: 2025/03/29 10:50:43 main.go:14: Программа запущена
INFO: 2025/03/29 10:50:43 files.go:34: Файл прочитан
ERROR: 2025/03/29 10:50:44 main.go:67: Ошибка ввода или пустая строка
ERROR: 2025/03/29 10:50:44 main.go:40: Ошибка Бин не создан, перезапустите программу
INFO: 2025/03/29 10:51:58 main.go:14: Программа запущена
INFO: 2025/03/29 10:51:58 files.go:34: Файл прочитан
ERROR: 2025/03/29 10:51:58 main.go:67: Ошибка ввода или пустая строка
ERROR: 2025/03/29 10:51:58 main.go:40: Ошибка неверно задано имя, перезапустите программу
ERROR: 2025/03/29 10:52:10 main.go:67: Ошибка ввода или пустая строка
INFO: 2025/03/29 10:52:10 main.go:49: Приватность ключа false
INFO: 2025/03/29 10:52:10 bins.go:26: Пароль сгенерирован
INFO: 2025/03/29 10:54:18 main.go:14: Программа запущена
ERROR: 2025/03/29 10:54:18 files.go:31: файл save.json не является валидным JSON
ERROR: 2025/03/29 10:54:18 storage.go:27: Не прочитан файл 
ERROR: 2025/03/29 10:54:18 main.go:24: Не удалось создать бины файл save.json не является валидным JSON
INFO: 2025/03/29 10:55:14 main.go:14: Программа запущена
ERROR: 2025/03/29 10:55:14 files.go:31: файл save.json не является валидным JSON
ERROR: 2025/03/29 10:55:14 storage.go:27: Не прочитан файл 
ERROR: 2025/03/29 10:55:14 main.go:24: Не удалось создать бины файл save.json не является валидным JSON
INFO: 2025/03/29 10:55:27 main.go:14: Программа запущена
ERROR: 2025/03/29 10:55:27 files.go:31: файл save.json не является валидным JSON
ERROR: 2025/03/29 10:55:27 storage.go:27: Не прочитан файл 
ERROR: 2025/03/29 10:55:27 main.go:24: Не удалось создать бины файл save.json не является валидным JSON
INFO: 2025/03/29 10:56:18 main.go:14: Программа запущена
ERROR: 2025/03/29 10:56:18 files.go:31: файл save.json не является валидным JSON
ERROR: 2025/03/29 10:56:18 storage.go:27: Не прочитан файл 
ERROR: 2025/03/29 10:56:18 main.go:24: Не удалось создать бины файл save.json не является валидным JSON
INFO: 2025/03/29 10:57:58 main.go:14: Программа запущена
INFO: 2025/03/29 10:57:58 files.go:34: Файл прочитан
ERROR: 2025/03/29 10:58:00 main.go:67: Ошибка ввода или пустая строка
ERROR: 2025/03/29 10:58:00 main.go:40: Ошибка неверно задано имя, перезапустите программу
ERROR: 2025/03/29 10:58:02 main.go:67: Ошибка ввода или пустая строка
ERROR: 2025/03/29 10:58:02 main.go:40: Ошибка неверно задано имя, перезапустите программу
ERROR: 2025/03/29 10:58:10 main.go:67: Ошибка ввода или пустая строка
ERROR: 2025/03/29 10:58:10 main.go:40: Ошибка неверно задано имя, перезапустите программу
INFO: 2025/03/29 10:58:20 main.go:14: Программа запущена
INFO: 2025/03/29 10:58:20 files.go:34: Файл прочитан
ERROR: 2025/03/29 10:58:21 main.go:67: Ошибка ввода или пустая строка
ERROR: 2025/03/29 10:58:21 main.go:40: Ошибка неверно задано имя, перезапустите программу
ERROR: 2025/03/29 10:58:25 main.go:67: Ошибка ввода или пустая строка
ERROR: 2025/03/29 10:58:25 main.go:40: Ошибка неверно задано имя, перезапустите программу
ERROR: 2025/03/29 10:59:38 main.go:67: Ошибка ввода или пустая строка
ERROR: 2025/03/29 10:59:38 main.go:40: Ошибка неверно задано имя, перезапустите программу
INFO: 2025/03/29 10:59:40 main.go:14: Программа запущена
INFO: 2025/03/29 10:59:40 files.go:34: Файл прочитан
INFO: 2025/03/29 10:59:44 bins.go:26: Пароль сгенерирован
INFO: 2025/03/29 10:59:44 files.go:52: Файл записан
INFO: 2025/03/29 10:59:44 storage.go:67: Бин добавлен в файл
INFO: 2025/03/29 10:59:44 main.go:58: Список Бинов создан успешно
INFO: 2025/03/29 10:59:44 main.go:27: Программа завершена
